#
# There is insufficient memory for the Java Runtime Environment to continue.
# Native memory allocation (malloc) failed to allocate 595056 bytes for Chunk::new
# Possible reasons:
#   The system is out of physical RAM or swap space
#   In 32 bit mode, the process size limit was hit
# Possible solutions:
#   Reduce memory load on the system
#   Increase physical memory or swap space
#   Check if swap backing store is full
#   Use 64 bit Java on a 64 bit OS
#   Decrease Java heap size (-Xmx/-Xms)
#   Decrease number of Java threads
#   Decrease Java thread stack sizes (-Xss)
#   Set larger code cache with -XX:ReservedCodeCacheSize=
# This output file may be truncated or incomplete.
#
#  Out of Memory Error (allocation.cpp:388), pid=2232, tid=5396
#
# JRE version: Java(TM) SE Runtime Environment (8.0_05-b13) (build 1.8.0_05-b13)
# Java VM: Java HotSpot(TM) 64-Bit Server VM (25.5-b02 mixed mode windows-amd64 compressed oops)
# Failed to write core dump. Minidumps are not enabled by default on client versions of Windows
#

---------------  T H R E A D  ---------------

Current thread (0x0000000054b77000):  JavaThread "C2 CompilerThread0" daemon [_thread_in_native, id=5396, stack(0x0000000056250000,0x0000000056350000)]

Stack: [0x0000000056250000,0x0000000056350000]
[error occurred during error reporting (printing stack bounds), id 0xc0000005]

Native frames: (J=compiled Java code, j=interpreted, Vv=VM code, C=native code)
V  [jvm.dll+0x308dea]


Current CompileTask:
C2:  24573 3444       4       com.sun.tools.javac.comp.Check::checkType (178 bytes)


---------------  P R O C E S S  ---------------

Java Threads: ( => current thread )
  0x0000000054b7f800 JavaThread "Service Thread" daemon [_thread_blocked, id=4860, stack(0x00000000569a0000,0x0000000056aa0000)]
  0x0000000056358800 JavaThread "C1 CompilerThread2" daemon [_thread_blocked, id=4932, stack(0x00000000567b0000,0x00000000568b0000)]
  0x0000000054b7e000 JavaThread "C2 CompilerThread1" daemon [_thread_in_native, id=4452, stack(0x0000000055ce0000,0x0000000055de0000)]
=>0x0000000054b77000 JavaThread "C2 CompilerThread0" daemon [_thread_in_native, id=5396, stack(0x0000000056250000,0x0000000056350000)]
  0x0000000054b73800 JavaThread "Attach Listener" daemon [_thread_blocked, id=4728, stack(0x0000000055aa0000,0x0000000055ba0000)]
  0x0000000054b70800 JavaThread "Signal Dispatcher" daemon [_thread_blocked, id=5924, stack(0x00000000560e0000,0x00000000561e0000)]
  0x0000000054b17800 JavaThread "Finalizer" daemon [_thread_blocked, id=2812, stack(0x0000000055fd0000,0x00000000560d0000)]
  0x0000000054b0a800 JavaThread "Reference Handler" daemon [_thread_blocked, id=732, stack(0x0000000055df0000,0x0000000055ef0000)]
  0x0000000001c9f800 JavaThread "main" [_thread_blocked, id=1504, stack(0x00000000020f0000,0x00000000021f0000)]

Other Threads:
  0x0000000054b07000 VMThread [stack: 0x0000000055ba0000,0x0000000055ca0000] [id=5212]
  0x00000000563c7000 WatcherThread [stack: 0x0000000056ba0000,0x0000000056ca0000] [id=6020]

VM state:at safepoint (normal execution)

VM Mutex/Monitor currently owned by a thread:  ([mutex/lock_event])
[0x0000000001c9d980] Threads_lock - owner thread: 0x0000000054b07000
[0x0000000001c9de80] Heap_lock - owner thread: 0x0000000001c9f800

Heap:
 PSYoungGen      total 33792K, used 416K [0x00000000eb300000, 0x00000000ed780000, 0x0000000100000000)
  eden space 30208K, 0% used [0x00000000eb300000,0x00000000eb300000,0x00000000ed080000)
  from space 3584K, 11% used [0x00000000ed080000,0x00000000ed0e8000,0x00000000ed400000)
  to   space 3584K, 0% used [0x00000000ed400000,0x00000000ed400000,0x00000000ed780000)
 ParOldGen       total 64000K, used 21292K [0x00000000c1800000, 0x00000000c5680000, 0x00000000eb300000)
  object space 64000K, 33% used [0x00000000c1800000,0x00000000c2ccb270,0x00000000c5680000)
 Metaspace       used 20626K, capacity 20970K, committed 21120K, reserved 1071104K
  class space    used 2534K, capacity 2671K, committed 2688K, reserved 1048576K

Card table byte_map: [0x0000000011880000,0x0000000011a80000] byte_map_base: 0x0000000011274000

Marking Bits: (ParMarkBitMap*) 0x00000000718b13b0
 Begin Bits: [0x0000000012040000, 0x0000000012fe0000)
 End Bits:   [0x0000000012fe0000, 0x0000000013f80000)

Polling page: 0x0000000001c50000

CodeCache: size=245760Kb used=12145Kb max_used=12145Kb free=233614Kb
 bounds [0x00000000024c0000, 0x00000000030b0000, 0x00000000114c0000]
 total_blobs=3963 nmethods=3599 adapters=276
 compilation: enabled

Compilation events (10 events):
Event: 24.334 Thread 0x0000000056358800 nmethod 3600 0x0000000003089010 code [0x0000000003089200, 0x0000000003089cb8]
Event: 24.334 Thread 0x0000000056358800 3599       3       com.sun.tools.javac.util.List::of (13 bytes)
Event: 24.335 Thread 0x0000000056358800 nmethod 3599 0x000000000308a350 code [0x000000000308a4e0, 0x000000000308a9d0]
Event: 24.335 Thread 0x0000000056358800 3601       3       com.sun.tools.javac.code.Type$JCPrimitiveType::<init> (18 bytes)
Event: 24.336 Thread 0x0000000056358800 nmethod 3601 0x000000000308acd0 code [0x000000000308ae60, 0x000000000308b268]
Event: 24.340 Thread 0x0000000056358800 3602       3       com.sun.tools.javac.code.Type$JCPrimitiveType::constType (20 bytes)
Event: 24.342 Thread 0x0000000056358800 nmethod 3602 0x000000000308b4d0 code [0x000000000308b680, 0x000000000308bbe8]
Event: 24.342 Thread 0x0000000056358800 3603       3       com.sun.tools.javac.code.Type$JCPrimitiveType$1::<init> (18 bytes)
Event: 24.343 Thread 0x0000000056358800 nmethod 3603 0x000000000308c050 code [0x000000000308c1e0, 0x000000000308c688]
Event: 24.343 Thread 0x0000000056358800 3605       3       com.sun.tools.javac.comp.Attr::visitApply (809 bytes)

GC Heap History (10 events):
Event: 8.975 GC heap before
{Heap before GC invocations=18 (full 0):
 PSYoungGen      total 17920K, used 17919K [0x00000000eb300000, 0x00000000ece00000, 0x0000000100000000)
  eden space 15872K, 100% used [0x00000000eb300000,0x00000000ec280000,0x00000000ec280000)
  from space 2048K, 99% used [0x00000000ec280000,0x00000000ec47fe98,0x00000000ec480000)
  to   space 2560K, 0% used [0x00000000ecb80000,0x00000000ecb80000,0x00000000ece00000)
 ParOldGen       total 64000K, used 4402K [0x00000000c1800000, 0x00000000c5680000, 0x00000000eb300000)
  object space 64000K, 6% used [0x00000000c1800000,0x00000000c1c4ca58,0x00000000c5680000)
 Metaspace       used 13934K, capacity 14230K, committed 14464K, reserved 1062912K
  class space    used 1757K, capacity 1875K, committed 1920K, reserved 1048576K
Event: 8.999 GC heap after
Heap after GC invocations=18 (full 0):
 PSYoungGen      total 24064K, used 2532K [0x00000000eb300000, 0x00000000ed000000, 0x0000000100000000)
  eden space 21504K, 0% used [0x00000000eb300000,0x00000000eb300000,0x00000000ec800000)
  from space 2560K, 98% used [0x00000000ecb80000,0x00000000ecdf93a8,0x00000000ece00000)
  to   space 3584K, 0% used [0x00000000ec800000,0x00000000ec800000,0x00000000ecb80000)
 ParOldGen       total 64000K, used 5536K [0x00000000c1800000, 0x00000000c5680000, 0x00000000eb300000)
  object space 64000K, 8% used [0x00000000c1800000,0x00000000c1d68178,0x00000000c5680000)
 Metaspace       used 13934K, capacity 14230K, committed 14464K, reserved 1062912K
  class space    used 1757K, capacity 1875K, committed 1920K, reserved 1048576K
}
Event: 12.882 GC heap before
{Heap before GC invocations=19 (full 0):
 PSYoungGen      total 24064K, used 24036K [0x00000000eb300000, 0x00000000ed000000, 0x0000000100000000)
  eden space 21504K, 100% used [0x00000000eb300000,0x00000000ec800000,0x00000000ec800000)
  from space 2560K, 98% used [0x00000000ecb80000,0x00000000ecdf93a8,0x00000000ece00000)
  to   space 3584K, 0% used [0x00000000ec800000,0x00000000ec800000,0x00000000ecb80000)
 ParOldGen       total 64000K, used 5536K [0x00000000c1800000, 0x00000000c5680000, 0x00000000eb300000)
  object space 64000K, 8% used [0x00000000c1800000,0x00000000c1d68178,0x00000000c5680000)
 Metaspace       used 14495K, capacity 14854K, committed 15104K, reserved 1062912K
  class space    used 1813K, capacity 1951K, committed 2048K, reserved 1048576K
Event: 12.899 GC heap after
Heap after GC invocations=19 (full 0):
 PSYoungGen      total 25088K, used 1784K [0x00000000eb300000, 0x00000000ed780000, 0x0000000100000000)
  eden space 21504K, 0% used [0x00000000eb300000,0x00000000eb300000,0x00000000ec800000)
  from space 3584K, 49% used [0x00000000ec800000,0x00000000ec9be200,0x00000000ecb80000)
  to   space 3584K, 0% used [0x00000000ed400000,0x00000000ed400000,0x00000000ed780000)
 ParOldGen       total 64000K, used 6696K [0x00000000c1800000, 0x00000000c5680000, 0x00000000eb300000)
  object space 64000K, 10% used [0x00000000c1800000,0x00000000c1e8a178,0x00000000c5680000)
 Metaspace       used 14495K, capacity 14854K, committed 15104K, reserved 1062912K
  class space    used 1813K, capacity 1951K, committed 2048K, reserved 1048576K
}
Event: 14.726 GC heap before
{Heap before GC invocations=20 (full 0):
 PSYoungGen      total 25088K, used 23288K [0x00000000eb300000, 0x00000000ed780000, 0x0000000100000000)
  eden space 21504K, 100% used [0x00000000eb300000,0x00000000ec800000,0x00000000ec800000)
  from space 3584K, 49% used [0x00000000ec800000,0x00000000ec9be200,0x00000000ecb80000)
  to   space 3584K, 0% used [0x00000000ed400000,0x00000000ed400000,0x00000000ed780000)
 ParOldGen       total 64000K, used 6696K [0x00000000c1800000, 0x00000000c5680000, 0x00000000eb300000)
  object space 64000K, 10% used [0x00000000c1800000,0x00000000c1e8a178,0x00000000c5680000)
 Metaspace       used 14953K, capacity 15270K, committed 15616K, reserved 1062912K
  class space    used 1864K, capacity 1983K, committed 2048K, reserved 1048576K
Event: 14.739 GC heap after
Heap after GC invocations=20 (full 0):
 PSYoungGen      total 33792K, used 1472K [0x00000000eb300000, 0x00000000ed780000, 0x0000000100000000)
  eden space 30208K, 0% used [0x00000000eb300000,0x00000000eb300000,0x00000000ed080000)
  from space 3584K, 41% used [0x00000000ed400000,0x00000000ed570000,0x00000000ed780000)
  to   space 3584K, 0% used [0x00000000ed080000,0x00000000ed080000,0x00000000ed400000)
 ParOldGen       total 64000K, used 7872K [0x00000000c1800000, 0x00000000c5680000, 0x00000000eb300000)
  object space 64000K, 12% used [0x00000000c1800000,0x00000000c1fb0178,0x00000000c5680000)
 Metaspace       used 14953K, capacity 15270K, committed 15616K, reserved 1062912K
  class space    used 1864K, capacity 1983K, committed 2048K, reserved 1048576K
}
Event: 20.245 GC heap before
{Heap before GC invocations=21 (full 0):
 PSYoungGen      total 33792K, used 31680K [0x00000000eb300000, 0x00000000ed780000, 0x0000000100000000)
  eden space 30208K, 100% used [0x00000000eb300000,0x00000000ed080000,0x00000000ed080000)
  from space 3584K, 41% used [0x00000000ed400000,0x00000000ed570000,0x00000000ed780000)
  to   space 3584K, 0% used [0x00000000ed080000,0x00000000ed080000,0x00000000ed400000)
 ParOldGen       total 64000K, used 7872K [0x00000000c1800000, 0x00000000c5680000, 0x00000000eb300000)
  object space 64000K, 12% used [0x00000000c1800000,0x00000000c1fb0178,0x00000000c5680000)
 Metaspace       used 19404K, capacity 19786K, committed 20096K, reserved 1067008K
  class space    used 2424K, capacity 2575K, committed 2688K, reserved 1048576K
Event: 20.297 GC heap after
Heap after GC invocations=21 (full 0):
 PSYoungGen      total 33792K, used 3581K [0x00000000eb300000, 0x00000000ed780000, 0x0000000100000000)
  eden space 30208K, 0% used [0x00000000eb300000,0x00000000eb300000,0x00000000ed080000)
  from space 3584K, 99% used [0x00000000ed080000,0x00000000ed3ff718,0x00000000ed400000)
  to   space 3584K, 0% used [0x00000000ed400000,0x00000000ed400000,0x00000000ed780000)
 ParOldGen       total 64000K, used 12416K [0x00000000c1800000, 0x00000000c5680000, 0x00000000eb300000)
  object space 64000K, 19% used [0x00000000c1800000,0x00000000c2420180,0x00000000c5680000)
 Metaspace       used 19404K, capacity 19786K, committed 20096K, reserved 1067008K
  class space    used 2424K, capacity 2575K, committed 2688K, reserved 1048576K
}
Event: 24.162 GC heap before
{Heap before GC invocations=22 (full 0):
 PSYoungGen      total 33792K, used 33789K [0x00000000eb300000, 0x00000000ed780000, 0x0000000100000000)
  eden space 30208K, 100% used [0x00000000eb300000,0x00000000ed080000,0x00000000ed080000)
  from space 3584K, 99% used [0x00000000ed080000,0x00000000ed3ff718,0x00000000ed400000)
  to   space 3584K, 0% used [0x00000000ed400000,0x00000000ed400000,0x00000000ed780000)
 ParOldGen       total 64000K, used 12416K [0x00000000c1800000, 0x00000000c5680000, 0x00000000eb300000)
  object space 64000K, 19% used [0x00000000c1800000,0x00000000c2420180,0x00000000c5680000)
 Metaspace       used 20549K, capacity 20970K, committed 21120K, reserved 1067008K
  class space    used 2529K, capacity 2671K, committed 2688K, reserved 1048576K
Event: 24.207 GC heap after
Heap after GC invocations=22 (full 0):
 PSYoungGen      total 33792K, used 3571K [0x00000000eb300000, 0x00000000ed780000, 0x0000000100000000)
  eden space 30208K, 0% used [0x00000000eb300000,0x00000000eb300000,0x00000000ed080000)
  from space 3584K, 99% used [0x00000000ed400000,0x00000000ed77cc70,0x00000000ed780000)
  to   space 3584K, 0% used [0x00000000ed080000,0x00000000ed080000,0x00000000ed400000)
 ParOldGen       total 64000K, used 17692K [0x00000000c1800000, 0x00000000c5680000, 0x00000000eb300000)
  object space 64000K, 27% used [0x00000000c1800000,0x00000000c2947310,0x00000000c5680000)
 Metaspace       used 20549K, capacity 20970K, committed 21120K, reserved 1067008K
  class space    used 2529K, capacity 2671K, committed 2688K, reserved 1048576K
}

Deoptimization events (10 events):
Event: 23.297 Thread 0x0000000001c9f800 Uncommon trap: reason=unreached action=reinterpret pc=0x0000000002e958d4 method=com.sun.tools.javac.code.Scope.lookup(Lcom/sun/tools/javac/util/Name;Lcom/sun/tools/javac/util/Filter;)Lcom/sun/tools/javac/code/Scope$Entry; @ 19
Event: 23.355 Thread 0x0000000001c9f800 Uncommon trap: reason=unreached action=reinterpret pc=0x0000000002e64c10 method=com.sun.tools.javac.code.Scope.dble()V @ 44
Event: 23.421 Thread 0x0000000001c9f800 Uncommon trap: reason=bimorphic action=maybe_recompile pc=0x0000000002e9ff1c method=com.sun.tools.javac.code.Types$20.visitClassType(Lcom/sun/tools/javac/code/Type$ClassType;Ljava/lang/Void;)Lcom/sun/tools/javac/code/Type; @ 54
Event: 23.421 Thread 0x0000000001c9f800 Uncommon trap: reason=class_check action=maybe_recompile pc=0x0000000002ea1c94 method=com.sun.tools.javac.code.Types$21.visitClassType(Lcom/sun/tools/javac/code/Type$ClassType;Ljava/lang/Void;)Lcom/sun/tools/javac/util/List; @ 46
Event: 23.537 Thread 0x0000000001c9f800 Uncommon trap: reason=bimorphic action=maybe_recompile pc=0x0000000002e9ff1c method=com.sun.tools.javac.code.Types$20.visitClassType(Lcom/sun/tools/javac/code/Type$ClassType;Ljava/lang/Void;)Lcom/sun/tools/javac/code/Type; @ 54
Event: 23.538 Thread 0x0000000001c9f800 Uncommon trap: reason=bimorphic action=maybe_recompile pc=0x0000000002e9ff1c method=com.sun.tools.javac.code.Types$20.visitClassType(Lcom/sun/tools/javac/code/Type$ClassType;Ljava/lang/Void;)Lcom/sun/tools/javac/code/Type; @ 54
Event: 23.539 Thread 0x0000000001c9f800 Uncommon trap: reason=class_check action=maybe_recompile pc=0x0000000002ea1c94 method=com.sun.tools.javac.code.Types$21.visitClassType(Lcom/sun/tools/javac/code/Type$ClassType;Ljava/lang/Void;)Lcom/sun/tools/javac/util/List; @ 46
Event: 23.539 Thread 0x0000000001c9f800 Uncommon trap: reason=class_check action=maybe_recompile pc=0x0000000002ea1c94 method=com.sun.tools.javac.code.Types$21.visitClassType(Lcom/sun/tools/javac/code/Type$ClassType;Ljava/lang/Void;)Lcom/sun/tools/javac/util/List; @ 46
Event: 23.539 Thread 0x0000000001c9f800 Uncommon trap: reason=class_check action=maybe_recompile pc=0x0000000002ea36a8 method=com.sun.tools.javac.code.Types$21.visitClassType(Lcom/sun/tools/javac/code/Type$ClassType;Ljava/lang/Void;)Lcom/sun/tools/javac/util/List; @ 46
Event: 23.963 Thread 0x0000000001c9f800 Uncommon trap: reason=bimorphic action=maybe_recompile pc=0x0000000002ffe718 method=com.sun.tools.javac.code.Types.capture(Lcom/sun/tools/javac/code/Type;)Lcom/sun/tools/javac/code/Type; @ 13

Internal exceptions (10 events):
Event: 23.079 Thread 0x0000000001c9f800 Exception <a 'java/security/PrivilegedActionException'> (0x00000000ecb25a30) thrown at [D:\re\workspace\8-2-build-windows-amd64-cygwin\jdk8u5\2488\hotspot\src\share\vm\prims\jvm.cpp, line 1248]
Event: 23.079 Thread 0x0000000001c9f800 Exception <a 'java/security/PrivilegedActionException'> (0x00000000ecb267b0) thrown at [D:\re\workspace\8-2-build-windows-amd64-cygwin\jdk8u5\2488\hotspot\src\share\vm\prims\jvm.cpp, line 1248]
Event: 23.291 Thread 0x0000000001c9f800 Exception <a 'java/security/PrivilegedActionException'> (0x00000000ecc0b8e0) thrown at [D:\re\workspace\8-2-build-windows-amd64-cygwin\jdk8u5\2488\hotspot\src\share\vm\prims\jvm.cpp, line 1248]
Event: 23.291 Thread 0x0000000001c9f800 Exception <a 'java/security/PrivilegedActionException'> (0x00000000ecc0c4a8) thrown at [D:\re\workspace\8-2-build-windows-amd64-cygwin\jdk8u5\2488\hotspot\src\share\vm\prims\jvm.cpp, line 1248]
Event: 24.133 Thread 0x0000000001c9f800 Exception <a 'java/security/PrivilegedActionException'> (0x00000000ed015938) thrown at [D:\re\workspace\8-2-build-windows-amd64-cygwin\jdk8u5\2488\hotspot\src\share\vm\prims\jvm.cpp, line 1248]
Event: 24.134 Thread 0x0000000001c9f800 Exception <a 'java/security/PrivilegedActionException'> (0x00000000ed016208) thrown at [D:\re\workspace\8-2-build-windows-amd64-cygwin\jdk8u5\2488\hotspot\src\share\vm\prims\jvm.cpp, line 1248]
Event: 24.259 Thread 0x0000000001c9f800 Exception <a 'java/security/PrivilegedActionException'> (0x00000000eb3b8fc0) thrown at [D:\re\workspace\8-2-build-windows-amd64-cygwin\jdk8u5\2488\hotspot\src\share\vm\prims\jvm.cpp, line 1248]
Event: 24.259 Thread 0x0000000001c9f800 Exception <a 'java/security/PrivilegedActionException'> (0x00000000eb3b9940) thrown at [D:\re\workspace\8-2-build-windows-amd64-cygwin\jdk8u5\2488\hotspot\src\share\vm\prims\jvm.cpp, line 1248]
Event: 24.260 Thread 0x0000000001c9f800 Exception <a 'java/security/PrivilegedActionException'> (0x00000000eb3bbf98) thrown at [D:\re\workspace\8-2-build-windows-amd64-cygwin\jdk8u5\2488\hotspot\src\share\vm\prims\jvm.cpp, line 1248]
Event: 24.260 Thread 0x0000000001c9f800 Exception <a 'java/security/PrivilegedActionException'> (0x00000000eb3bc840) thrown at [D:\re\workspace\8-2-build-windows-amd64-cygwin\jdk8u5\2488\hotspot\src\share\vm\prims\jvm.cpp, line 1248]

Events (10 events):
Event: 24.123 Executing VM operation: ForceSafepoint
Event: 24.123 Executing VM operation: ForceSafepoint done
Event: 24.133 loading class com/sun/tools/javac/comp/ConstFold$1
Event: 24.133 loading class com/sun/tools/javac/comp/ConstFold$1 done
Event: 24.161 Executing VM operation: ParallelGCFailedAllocation
Event: 24.207 Executing VM operation: ParallelGCFailedAllocation done
Event: 24.258 loading class com/sun/tools/javac/tree/TreeInfo$TypeAnnotationFinder
Event: 24.258 loading class com/sun/tools/javac/tree/TreeInfo$TypeAnnotationFinder done
Event: 24.260 loading class com/sun/tools/javac/comp/Check$3
Event: 24.260 loading class com/sun/tools/javac/comp/Check$3 done


Dynamic libraries:
0x000000013f4c0000 - 0x000000013f4f4000 	C:\Program Files\Java\jdk1.8.0_05\bin\java.exe
0x0000000076cb0000 - 0x0000000076e59000 	C:\Windows\SYSTEM32\ntdll.dll
0x0000000076a90000 - 0x0000000076bb0000 	C:\Windows\system32\kernel32.dll
0x000007fefca70000 - 0x000007fefcadc000 	C:\Windows\system32\KERNELBASE.dll
0x000007fefd450000 - 0x000007fefd52b000 	C:\Windows\system32\ADVAPI32.dll
0x000007fefd210000 - 0x000007fefd2af000 	C:\Windows\system32\msvcrt.dll
0x000007fefd2b0000 - 0x000007fefd2cf000 	C:\Windows\SYSTEM32\sechost.dll
0x000007fefce10000 - 0x000007fefcf3d000 	C:\Windows\system32\RPCRT4.dll
0x0000000076bb0000 - 0x0000000076caa000 	C:\Windows\system32\USER32.dll
0x000007fefd2d0000 - 0x000007fefd337000 	C:\Windows\system32\GDI32.dll
0x000007fefe770000 - 0x000007fefe77e000 	C:\Windows\system32\LPK.dll
0x000007fefd140000 - 0x000007fefd209000 	C:\Windows\system32\USP10.dll
0x000007fefb630000 - 0x000007fefb824000 	C:\Windows\WinSxS\amd64_microsoft.windows.common-controls_6595b64144ccf1df_6.0.7601.18837_none_fa3b1e3d17594757\COMCTL32.dll
0x000007fefef40000 - 0x000007fefefb1000 	C:\Windows\system32\SHLWAPI.dll
0x000007fefe780000 - 0x000007fefe7ae000 	C:\Windows\system32\IMM32.DLL
0x000007fefd340000 - 0x000007fefd449000 	C:\Windows\system32\MSCTF.dll
0x0000000073280000 - 0x0000000073352000 	C:\Program Files\Java\jdk1.8.0_05\jre\bin\msvcr100.dll
0x0000000071100000 - 0x000000007192a000 	C:\Program Files\Java\jdk1.8.0_05\jre\bin\server\jvm.dll
0x000007fef8ea0000 - 0x000007fef8ea9000 	C:\Windows\system32\WSOCK32.dll
0x000007fefd0f0000 - 0x000007fefd13d000 	C:\Windows\system32\WS2_32.dll
0x000007fefcfe0000 - 0x000007fefcfe8000 	C:\Windows\system32\NSI.dll
0x000007fefaf70000 - 0x000007fefafab000 	C:\Windows\system32\WINMM.dll
0x0000000076e70000 - 0x0000000076e77000 	C:\Windows\system32\PSAPI.DLL
0x0000000073c20000 - 0x0000000073c2f000 	C:\Program Files\Java\jdk1.8.0_05\jre\bin\verify.dll
0x00000000737d0000 - 0x00000000737f8000 	C:\Program Files\Java\jdk1.8.0_05\jre\bin\java.dll
0x0000000073870000 - 0x0000000073886000 	C:\Program Files\Java\jdk1.8.0_05\jre\bin\zip.dll
0x000007fefd9e0000 - 0x000007fefe769000 	C:\Windows\system32\SHELL32.dll
0x000007fefe940000 - 0x000007fefeb43000 	C:\Windows\system32\ole32.dll
0x000007fefca50000 - 0x000007fefca5f000 	C:\Windows\system32\profapi.dll
0x0000000073980000 - 0x000000007399a000 	C:\Program Files\Java\jdk1.8.0_05\jre\bin\net.dll
0x000007fefc1f0000 - 0x000007fefc245000 	C:\Windows\system32\mswsock.dll
0x000007fefc1e0000 - 0x000007fefc1e7000 	C:\Windows\System32\wship6.dll
0x00000000737b0000 - 0x00000000737c1000 	C:\Program Files\Java\jdk1.8.0_05\jre\bin\nio.dll
0x000007fef6060000 - 0x000007fef6185000 	C:\Windows\system32\dbghelp.dll

VM Arguments:
jvm_args: -Dclassworlds.conf=C:\Program Files\apache-maven-3.3.3\bin\..\bin\m2.conf -Dmaven.home=C:\Program Files\apache-maven-3.3.3\bin\.. -Dmaven.multiModuleProjectDirectory=c:\Users\user\Documents\M1_IFI_MBDS\GLog\PremierRendu 
java_command: org.codehaus.plexus.classworlds.launcher.Launcher compile
java_class_path (initial): C:\Program Files\apache-maven-3.3.3\bin\..\boot\plexus-classworlds-2.5.2.jar
Launcher Type: SUN_STANDARD

Environment Variables:
JAVA_HOME=C:\Program Files\Java\jdk1.8.0_05
PATH=D:\app\user\product\11.2.0\dbhome_1\bin;C:\Program Files (x86)\iis express\PHP\v5.4;C:\Windows\system32;C:\Windows;C:\Windows\System32\Wbem;C:\Windows\system;C:\Windows\System32\WindowsPowerShell\v1.0\;C:\Program Files\Intel\WiFi\bin\;C:\Program Files\Common Files\Intel\WirelessCommon\;C:\Program Files (x86)\Git\cmd;;C:\ProgramData\ComposerSetup\bin;C:\Users\user\AppData\Roaming\Composer\vendor\bin;C:\Program Files (x86)\Windows Kits\8.1\Windows Performance Toolkit\;C:\Program Files\Microsoft SQL Server\110\Tools\Binn\;C:\Program Files (x86)\PICT\;C:\Program Files (x86)\Skype\Phone\;C:\Program Files (x86)\IBM\ILOG\CPLEX_Studio125\opl\bin\x86_win32;C:\Program Files (x86)\IBM\ILOG\CPLEX_Studio125\opl\oplide\;C:\Program Files (x86)\IBM\ILOG\CPLEX_Studio125\cplex\bin\x86_win32;C:\Program Files (x86)\IBM\ILOG\CPLEX_Studio125\cpoptimizer\bin\x86_win32;C:\Program Files\Intel\WiFi\bin\;C:\Program Files\Common Files\Intel\WirelessCommon\;C:\Program Files\Java\jdk1.8.0_05\bin;C:\Python34;C:\Program Files (x86)\PICT;C:\Program Files\apache-maven-3.3.3\bin
USERNAME=user
OS=Windows_NT
PROCESSOR_IDENTIFIER=Intel64 Family 6 Model 42 Stepping 7, GenuineIntel



---------------  S Y S T E M  ---------------

OS: Windows 7 , 64 bit Build 7601 Service Pack 1

CPU:total 4 (2 cores per cpu, 2 threads per core) family 6 model 42 stepping 7, cmov, cx8, fxsr, mmx, sse, sse2, sse3, ssse3, sse4.1, sse4.2, popcnt, avx, aes, clmul, ht, tsc, tscinvbit

Memory: 4k page, physical 4088764k(948992k free), swap 4086928k(4924k free)

vm_info: Java HotSpot(TM) 64-Bit Server VM (25.5-b02) for windows-amd64 JRE (1.8.0_05-b13), built on Mar 18 2014 01:08:39 by "java_re" with MS VC++ 10.0 (VS2010)

time: Mon Nov 30 16:46:42 2015
elapsed time: 24 seconds

